Analysis & Synthesis report for PWM
Sat Jun 04 19:29:03 2016
Quartus II 64-Bit Version 13.0.1 Build 232 06/12/2013 Service Pack 1 SJ Web Edition


---------------------
; Table of Contents ;
---------------------
  1. Legal Notice
  2. Analysis & Synthesis Summary
  3. Analysis & Synthesis Settings
  4. Parallel Compilation
  5. Analysis & Synthesis Source Files Read
  6. Analysis & Synthesis Resource Usage Summary
  7. Analysis & Synthesis Resource Utilization by Entity
  8. User-Specified and Inferred Latches
  9. General Register Statistics
 10. Parameter Settings for User Entity Instance: Top-level Entity: |PWM
 11. Elapsed Time Per Partition
 12. Analysis & Synthesis Messages



----------------
; Legal Notice ;
----------------
Copyright (C) 1991-2013 Altera Corporation
Your use of Altera Corporation's design tools, logic functions 
and other software and tools, and its AMPP partner logic 
functions, and any output files from any of the foregoing 
(including device programming or simulation files), and any 
associated documentation or information are expressly subject 
to the terms and conditions of the Altera Program License 
Subscription Agreement, Altera MegaCore Function License 
Agreement, or other applicable license agreement, including, 
without limitation, that your use is for the sole purpose of 
programming logic devices manufactured by Altera and sold by 
Altera or its authorized distributors.  Please refer to the 
applicable agreement for further details.



+--------------------------------------------------------------------------------------+
; Analysis & Synthesis Summary                                                         ;
+------------------------------------+-------------------------------------------------+
; Analysis & Synthesis Status        ; Successful - Sat Jun 04 19:29:03 2016           ;
; Quartus II 64-Bit Version          ; 13.0.1 Build 232 06/12/2013 SP 1 SJ Web Edition ;
; Revision Name                      ; PWM                                             ;
; Top-level Entity Name              ; PWM                                             ;
; Family                             ; Cyclone II                                      ;
; Total logic elements               ; 89                                              ;
;     Total combinational functions  ; 89                                              ;
;     Dedicated logic registers      ; 2                                               ;
; Total registers                    ; 2                                               ;
; Total pins                         ; 33                                              ;
; Total virtual pins                 ; 0                                               ;
; Total memory bits                  ; 0                                               ;
; Embedded Multiplier 9-bit elements ; 0                                               ;
; Total PLLs                         ; 0                                               ;
+------------------------------------+-------------------------------------------------+


+----------------------------------------------------------------------------------------------------------------------+
; Analysis & Synthesis Settings                                                                                        ;
+----------------------------------------------------------------------------+--------------------+--------------------+
; Option                                                                     ; Setting            ; Default Value      ;
+----------------------------------------------------------------------------+--------------------+--------------------+
; Device                                                                     ; EP2C20F484C7       ;                    ;
; Top-level entity name                                                      ; PWM                ; PWM                ;
; Family name                                                                ; Cyclone II         ; Cyclone IV GX      ;
; Use smart compilation                                                      ; Off                ; Off                ;
; Enable parallel Assembler and TimeQuest Timing Analyzer during compilation ; On                 ; On                 ;
; Enable compact report table                                                ; Off                ; Off                ;
; Restructure Multiplexers                                                   ; Auto               ; Auto               ;
; Create Debugging Nodes for IP Cores                                        ; Off                ; Off                ;
; Preserve fewer node names                                                  ; On                 ; On                 ;
; Disable OpenCore Plus hardware evaluation                                  ; Off                ; Off                ;
; Verilog Version                                                            ; Verilog_2001       ; Verilog_2001       ;
; VHDL Version                                                               ; VHDL_1993          ; VHDL_1993          ;
; State Machine Processing                                                   ; Auto               ; Auto               ;
; Safe State Machine                                                         ; Off                ; Off                ;
; Extract Verilog State Machines                                             ; On                 ; On                 ;
; Extract VHDL State Machines                                                ; On                 ; On                 ;
; Ignore Verilog initial constructs                                          ; Off                ; Off                ;
; Iteration limit for constant Verilog loops                                 ; 5000               ; 5000               ;
; Iteration limit for non-constant Verilog loops                             ; 250                ; 250                ;
; Add Pass-Through Logic to Inferred RAMs                                    ; On                 ; On                 ;
; Infer RAMs from Raw Logic                                                  ; On                 ; On                 ;
; Parallel Synthesis                                                         ; On                 ; On                 ;
; DSP Block Balancing                                                        ; Auto               ; Auto               ;
; NOT Gate Push-Back                                                         ; On                 ; On                 ;
; Power-Up Don't Care                                                        ; On                 ; On                 ;
; Remove Redundant Logic Cells                                               ; Off                ; Off                ;
; Remove Duplicate Registers                                                 ; On                 ; On                 ;
; Ignore CARRY Buffers                                                       ; Off                ; Off                ;
; Ignore CASCADE Buffers                                                     ; Off                ; Off                ;
; Ignore GLOBAL Buffers                                                      ; Off                ; Off                ;
; Ignore ROW GLOBAL Buffers                                                  ; Off                ; Off                ;
; Ignore LCELL Buffers                                                       ; Off                ; Off                ;
; Ignore SOFT Buffers                                                        ; On                 ; On                 ;
; Limit AHDL Integers to 32 Bits                                             ; Off                ; Off                ;
; Optimization Technique                                                     ; Balanced           ; Balanced           ;
; Carry Chain Length                                                         ; 70                 ; 70                 ;
; Auto Carry Chains                                                          ; On                 ; On                 ;
; Auto Open-Drain Pins                                                       ; On                 ; On                 ;
; Perform WYSIWYG Primitive Resynthesis                                      ; Off                ; Off                ;
; Auto ROM Replacement                                                       ; On                 ; On                 ;
; Auto RAM Replacement                                                       ; On                 ; On                 ;
; Auto Shift Register Replacement                                            ; Auto               ; Auto               ;
; Allow Shift Register Merging across Hierarchies                            ; Auto               ; Auto               ;
; Auto Clock Enable Replacement                                              ; On                 ; On                 ;
; Strict RAM Replacement                                                     ; Off                ; Off                ;
; Allow Synchronous Control Signals                                          ; On                 ; On                 ;
; Force Use of Synchronous Clear Signals                                     ; Off                ; Off                ;
; Auto RAM to Logic Cell Conversion                                          ; Off                ; Off                ;
; Auto Resource Sharing                                                      ; Off                ; Off                ;
; Allow Any RAM Size For Recognition                                         ; Off                ; Off                ;
; Allow Any ROM Size For Recognition                                         ; Off                ; Off                ;
; Allow Any Shift Register Size For Recognition                              ; Off                ; Off                ;
; Use LogicLock Constraints during Resource Balancing                        ; On                 ; On                 ;
; Ignore translate_off and synthesis_off directives                          ; Off                ; Off                ;
; Timing-Driven Synthesis                                                    ; Off                ; Off                ;
; Report Parameter Settings                                                  ; On                 ; On                 ;
; Report Source Assignments                                                  ; On                 ; On                 ;
; Report Connectivity Checks                                                 ; On                 ; On                 ;
; Ignore Maximum Fan-Out Assignments                                         ; Off                ; Off                ;
; Synchronization Register Chain Length                                      ; 2                  ; 2                  ;
; PowerPlay Power Optimization                                               ; Normal compilation ; Normal compilation ;
; HDL message level                                                          ; Level2             ; Level2             ;
; Suppress Register Optimization Related Messages                            ; Off                ; Off                ;
; Number of Removed Registers Reported in Synthesis Report                   ; 5000               ; 5000               ;
; Number of Swept Nodes Reported in Synthesis Report                         ; 5000               ; 5000               ;
; Number of Inverted Registers Reported in Synthesis Report                  ; 100                ; 100                ;
; Clock MUX Protection                                                       ; On                 ; On                 ;
; Auto Gated Clock Conversion                                                ; Off                ; Off                ;
; Block Design Naming                                                        ; Auto               ; Auto               ;
; SDC constraint protection                                                  ; Off                ; Off                ;
; Synthesis Effort                                                           ; Auto               ; Auto               ;
; Shift Register Replacement - Allow Asynchronous Clear Signal               ; On                 ; On                 ;
; Pre-Mapping Resynthesis Optimization                                       ; Off                ; Off                ;
; Analysis & Synthesis Message Level                                         ; Medium             ; Medium             ;
; Disable Register Merging Across Hierarchies                                ; Auto               ; Auto               ;
; Resource Aware Inference For Block RAM                                     ; On                 ; On                 ;
; Synthesis Seed                                                             ; 1                  ; 1                  ;
+----------------------------------------------------------------------------+--------------------+--------------------+


+------------------------------------------+
; Parallel Compilation                     ;
+----------------------------+-------------+
; Processors                 ; Number      ;
+----------------------------+-------------+
; Number detected on machine ; 4           ;
; Maximum allowed            ; 2           ;
;                            ;             ;
; Average used               ; 1.00        ;
; Maximum used               ; 1           ;
;                            ;             ;
; Usage by Processor         ; % Time Used ;
;     Processor 1            ; 100.0%      ;
;     Processors 2-4         ;   0.0%      ;
+----------------------------+-------------+


+-----------------------------------------------------------------------------------------------------------------------------------+
; Analysis & Synthesis Source Files Read                                                                                            ;
+----------------------------------+-----------------+------------------------+-------------------------------------------+---------+
; File Name with User-Entered Path ; Used in Netlist ; File Type              ; File Name with Absolute Path              ; Library ;
+----------------------------------+-----------------+------------------------+-------------------------------------------+---------+
; PWM.v                            ; yes             ; User Verilog HDL File  ; C:/Users/lenovo/Desktop/pwm_Verilog/PWM.v ;         ;
+----------------------------------+-----------------+------------------------+-------------------------------------------+---------+


+-------------------------------------------------------------+
; Analysis & Synthesis Resource Usage Summary                 ;
+---------------------------------------------+---------------+
; Resource                                    ; Usage         ;
+---------------------------------------------+---------------+
; Estimated Total logic elements              ; 89            ;
;                                             ;               ;
; Total combinational functions               ; 89            ;
; Logic element usage by number of LUT inputs ;               ;
;     -- 4 input functions                    ; 10            ;
;     -- 3 input functions                    ; 26            ;
;     -- <=2 input functions                  ; 53            ;
;                                             ;               ;
; Logic elements by mode                      ;               ;
;     -- normal mode                          ; 64            ;
;     -- arithmetic mode                      ; 25            ;
;                                             ;               ;
; Total registers                             ; 2             ;
;     -- Dedicated logic registers            ; 2             ;
;     -- I/O registers                        ; 0             ;
;                                             ;               ;
; I/O pins                                    ; 33            ;
; Embedded Multiplier 9-bit elements          ; 0             ;
; Maximum fan-out node                        ; state[0]~reg0 ;
; Maximum fan-out                             ; 30            ;
; Total fan-out                               ; 260           ;
; Average fan-out                             ; 2.10          ;
+---------------------------------------------+---------------+


+-----------------------------------------------------------------------------------------------------------------------------------------------------------------------------+
; Analysis & Synthesis Resource Utilization by Entity                                                                                                                         ;
+----------------------------+-------------------+--------------+-------------+--------------+---------+-----------+------+--------------+---------------------+--------------+
; Compilation Hierarchy Node ; LC Combinationals ; LC Registers ; Memory Bits ; DSP Elements ; DSP 9x9 ; DSP 18x18 ; Pins ; Virtual Pins ; Full Hierarchy Name ; Library Name ;
+----------------------------+-------------------+--------------+-------------+--------------+---------+-----------+------+--------------+---------------------+--------------+
; |PWM                       ; 89 (89)           ; 2 (2)        ; 0           ; 0            ; 0       ; 0         ; 33   ; 0            ; |PWM                ;              ;
+----------------------------+-------------------+--------------+-------------+--------------+---------+-----------+------+--------------+---------------------+--------------+
Note: For table entries with two numbers listed, the numbers in parentheses indicate the number of resources of the given type used by the specific entity alone. The numbers listed outside of parentheses indicate the total resources of the given type used by the specific entity and all of its sub-entities in the hierarchy.


+----------------------------------------------------------------------------------------------------+
; User-Specified and Inferred Latches                                                                ;
+-----------------------------------------------------+---------------------+------------------------+
; Latch Name                                          ; Latch Enable Signal ; Free of Timing Hazards ;
+-----------------------------------------------------+---------------------+------------------------+
; counter[1]$latch                                    ; Mux2                ; yes                    ;
; counter[2]$latch                                    ; Mux2                ; yes                    ;
; counter[3]$latch                                    ; Mux2                ; yes                    ;
; counter[4]$latch                                    ; Mux2                ; yes                    ;
; counter[5]$latch                                    ; Mux2                ; yes                    ;
; counter[6]$latch                                    ; Mux2                ; yes                    ;
; counter[7]$latch                                    ; Mux2                ; yes                    ;
; counter[8]$latch                                    ; Mux2                ; yes                    ;
; counter[9]$latch                                    ; Mux2                ; yes                    ;
; counter[10]$latch                                   ; Mux2                ; yes                    ;
; counter[11]$latch                                   ; Mux2                ; yes                    ;
; counter[12]$latch                                   ; Mux2                ; yes                    ;
; counter[13]$latch                                   ; Mux2                ; yes                    ;
; counter[14]$latch                                   ; Mux2                ; yes                    ;
; counter[15]$latch                                   ; Mux2                ; yes                    ;
; counter[16]$latch                                   ; Mux2                ; yes                    ;
; counter[17]$latch                                   ; Mux2                ; yes                    ;
; counter[18]$latch                                   ; Mux2                ; yes                    ;
; counter[19]$latch                                   ; Mux2                ; yes                    ;
; counter[20]$latch                                   ; Mux2                ; yes                    ;
; counter[21]$latch                                   ; Mux2                ; yes                    ;
; counter[22]$latch                                   ; Mux2                ; yes                    ;
; counter[23]$latch                                   ; Mux2                ; yes                    ;
; counter[24]$latch                                   ; Mux2                ; yes                    ;
; counter[25]$latch                                   ; Mux2                ; yes                    ;
; counter[0]$latch                                    ; Mux2                ; yes                    ;
; Number of user-specified and inferred latches = 26  ;                     ;                        ;
+-----------------------------------------------------+---------------------+------------------------+
Note: All latches listed above may not be present at the end of synthesis due to various synthesis optimizations.


+------------------------------------------------------+
; General Register Statistics                          ;
+----------------------------------------------+-------+
; Statistic                                    ; Value ;
+----------------------------------------------+-------+
; Total registers                              ; 2     ;
; Number of registers using Synchronous Clear  ; 0     ;
; Number of registers using Synchronous Load   ; 0     ;
; Number of registers using Asynchronous Clear ; 2     ;
; Number of registers using Asynchronous Load  ; 0     ;
; Number of registers using Clock Enable       ; 0     ;
; Number of registers using Preset             ; 0     ;
+----------------------------------------------+-------+


+---------------------------------------------------------------------+
; Parameter Settings for User Entity Instance: Top-level Entity: |PWM ;
+----------------+-------+--------------------------------------------+
; Parameter Name ; Value ; Type                                       ;
+----------------+-------+--------------------------------------------+
; start          ; 00    ; Unsigned Binary                            ;
; OFF            ; 01    ; Unsigned Binary                            ;
; ON             ; 10    ; Unsigned Binary                            ;
; c2             ; 010   ; Unsigned Binary                            ;
; c18            ; 010   ; Unsigned Binary                            ;
+----------------+-------+--------------------------------------------+
Note: In order to hide this table in the UI and the text report file, please set the "Show Parameter Settings in Synthesis Report" option in "Analysis and Synthesis Settings -> More Settings" to "Off".


+-------------------------------+
; Elapsed Time Per Partition    ;
+----------------+--------------+
; Partition Name ; Elapsed Time ;
+----------------+--------------+
; Top            ; 00:00:00     ;
+----------------+--------------+


+-------------------------------+
; Analysis & Synthesis Messages ;
+-------------------------------+
Info: *******************************************************************
Info: Running Quartus II 64-Bit Analysis & Synthesis
    Info: Version 13.0.1 Build 232 06/12/2013 Service Pack 1 SJ Web Edition
    Info: Processing started: Sat Jun 04 19:29:01 2016
Info: Command: quartus_map --read_settings_files=on --write_settings_files=off PWM -c PWM
Info (11104): Parallel Compilation has detected 4 hyper-threaded processors. However, the extra hyper-threaded processors will not be used by default. Parallel Compilation will use 2 of the 2 physical processors detected instead.
Warning (10229): Verilog HDL Expression warning at PWM.v(11): truncated literal to match 3 bits
Info (12021): Found 1 design units, including 1 entities, in source file pwm.v
    Info (12023): Found entity 1: PWM
Info (12021): Found 1 design units, including 1 entities, in source file clk_div.v
    Info (12023): Found entity 1: clk_Div
Info (12021): Found 1 design units, including 1 entities, in source file clk_divtb.v
    Info (12023): Found entity 1: clk_DivTB
Info (12127): Elaborating entity "PWM" for the top level hierarchy
Warning (10230): Verilog HDL assignment warning at PWM.v(42): truncated value with size 32 to match size of target (26)
Warning (10240): Verilog HDL Always Construct warning at PWM.v(21): inferring latch(es) for variable "counter", which holds its previous value in one or more paths through the always construct
Info (10041): Inferred latch for "counter[0]" at PWM.v(21)
Info (10041): Inferred latch for "counter[1]" at PWM.v(21)
Info (10041): Inferred latch for "counter[2]" at PWM.v(21)
Info (10041): Inferred latch for "counter[3]" at PWM.v(21)
Info (10041): Inferred latch for "counter[4]" at PWM.v(21)
Info (10041): Inferred latch for "counter[5]" at PWM.v(21)
Info (10041): Inferred latch for "counter[6]" at PWM.v(21)
Info (10041): Inferred latch for "counter[7]" at PWM.v(21)
Info (10041): Inferred latch for "counter[8]" at PWM.v(21)
Info (10041): Inferred latch for "counter[9]" at PWM.v(21)
Info (10041): Inferred latch for "counter[10]" at PWM.v(21)
Info (10041): Inferred latch for "counter[11]" at PWM.v(21)
Info (10041): Inferred latch for "counter[12]" at PWM.v(21)
Info (10041): Inferred latch for "counter[13]" at PWM.v(21)
Info (10041): Inferred latch for "counter[14]" at PWM.v(21)
Info (10041): Inferred latch for "counter[15]" at PWM.v(21)
Info (10041): Inferred latch for "counter[16]" at PWM.v(21)
Info (10041): Inferred latch for "counter[17]" at PWM.v(21)
Info (10041): Inferred latch for "counter[18]" at PWM.v(21)
Info (10041): Inferred latch for "counter[19]" at PWM.v(21)
Info (10041): Inferred latch for "counter[20]" at PWM.v(21)
Info (10041): Inferred latch for "counter[21]" at PWM.v(21)
Info (10041): Inferred latch for "counter[22]" at PWM.v(21)
Info (10041): Inferred latch for "counter[23]" at PWM.v(21)
Info (10041): Inferred latch for "counter[24]" at PWM.v(21)
Info (10041): Inferred latch for "counter[25]" at PWM.v(21)
Warning (13012): Latch counter[1]$latch has unsafe behavior
    Warning (13013): Ports D and ENA on the latch are fed by the same signal state[0]~reg0
Warning (13012): Latch counter[2]$latch has unsafe behavior
    Warning (13013): Ports D and ENA on the latch are fed by the same signal state[0]~reg0
Warning (13012): Latch counter[3]$latch has unsafe behavior
    Warning (13013): Ports D and ENA on the latch are fed by the same signal state[0]~reg0
Warning (13012): Latch counter[4]$latch has unsafe behavior
    Warning (13013): Ports D and ENA on the latch are fed by the same signal state[0]~reg0
Warning (13012): Latch counter[5]$latch has unsafe behavior
    Warning (13013): Ports D and ENA on the latch are fed by the same signal state[0]~reg0
Warning (13012): Latch counter[6]$latch has unsafe behavior
    Warning (13013): Ports D and ENA on the latch are fed by the same signal state[0]~reg0
Warning (13012): Latch counter[7]$latch has unsafe behavior
    Warning (13013): Ports D and ENA on the latch are fed by the same signal state[0]~reg0
Warning (13012): Latch counter[8]$latch has unsafe behavior
    Warning (13013): Ports D and ENA on the latch are fed by the same signal state[0]~reg0
Warning (13012): Latch counter[9]$latch has unsafe behavior
    Warning (13013): Ports D and ENA on the latch are fed by the same signal state[0]~reg0
Warning (13012): Latch counter[10]$latch has unsafe behavior
    Warning (13013): Ports D and ENA on the latch are fed by the same signal state[0]~reg0
Warning (13012): Latch counter[11]$latch has unsafe behavior
    Warning (13013): Ports D and ENA on the latch are fed by the same signal state[0]~reg0
Warning (13012): Latch counter[12]$latch has unsafe behavior
    Warning (13013): Ports D and ENA on the latch are fed by the same signal state[0]~reg0
Warning (13012): Latch counter[13]$latch has unsafe behavior
    Warning (13013): Ports D and ENA on the latch are fed by the same signal state[0]~reg0
Warning (13012): Latch counter[14]$latch has unsafe behavior
    Warning (13013): Ports D and ENA on the latch are fed by the same signal state[0]~reg0
Warning (13012): Latch counter[15]$latch has unsafe behavior
    Warning (13013): Ports D and ENA on the latch are fed by the same signal state[0]~reg0
Warning (13012): Latch counter[16]$latch has unsafe behavior
    Warning (13013): Ports D and ENA on the latch are fed by the same signal state[0]~reg0
Warning (13012): Latch counter[17]$latch has unsafe behavior
    Warning (13013): Ports D and ENA on the latch are fed by the same signal state[0]~reg0
Warning (13012): Latch counter[18]$latch has unsafe behavior
    Warning (13013): Ports D and ENA on the latch are fed by the same signal state[0]~reg0
Warning (13012): Latch counter[19]$latch has unsafe behavior
    Warning (13013): Ports D and ENA on the latch are fed by the same signal state[0]~reg0
Warning (13012): Latch counter[20]$latch has unsafe behavior
    Warning (13013): Ports D and ENA on the latch are fed by the same signal state[0]~reg0
Warning (13012): Latch counter[21]$latch has unsafe behavior
    Warning (13013): Ports D and ENA on the latch are fed by the same signal state[0]~reg0
Warning (13012): Latch counter[22]$latch has unsafe behavior
    Warning (13013): Ports D and ENA on the latch are fed by the same signal state[0]~reg0
Warning (13012): Latch counter[23]$latch has unsafe behavior
    Warning (13013): Ports D and ENA on the latch are fed by the same signal state[0]~reg0
Warning (13012): Latch counter[24]$latch has unsafe behavior
    Warning (13013): Ports D and ENA on the latch are fed by the same signal state[0]~reg0
Warning (13012): Latch counter[25]$latch has unsafe behavior
    Warning (13013): Ports D and ENA on the latch are fed by the same signal state[0]~reg0
Warning (13012): Latch counter[0]$latch has unsafe behavior
    Warning (13013): Ports D and ENA on the latch are fed by the same signal state[0]~reg0
Info (16010): Generating hard_block partition "hard_block:auto_generated_inst"
    Info (16011): Adding 0 node(s), including 0 DDIO, 0 PLL, 0 transceiver and 0 LCELL
Info (21057): Implemented 124 device resources after synthesis - the final resource count might be different
    Info (21058): Implemented 2 input pins
    Info (21059): Implemented 31 output pins
    Info (21061): Implemented 91 logic cells
Info: Quartus II 64-Bit Analysis & Synthesis was successful. 0 errors, 55 warnings
    Info: Peak virtual memory: 470 megabytes
    Info: Processing ended: Sat Jun 04 19:29:04 2016
    Info: Elapsed time: 00:00:03
    Info: Total CPU time (on all processors): 00:00:01


